<?xml version="1.0" encoding="UTF-8"?>
<!-- Generated by org.testng.reporters.JUnitReportReporter -->
<testsuite hostname="DESKTOP-PK5SA4L" failures="0" tests="1" name="practice.DemoTest" time="0.016" errors="0" timestamp="2023-02-05T14:23:52 IST" skipped="0">
  <testcase classname="practice.DemoTest" name="demoTest" time="0.016"/>
  <system-out>
    <![CDATA[hiii]]>
  </system-out>
</testsuite> <!-- practice.DemoTest -->
